ExoPlayer/demo/buildout/outputs/logs/manifest-merger-noExtensions-debug-report.txt
-- Merging decision tree log ---
manifest
ADDED from src/main/AndroidManifest.xml:17:1-80:12
INJECTED from src/main/AndroidManifest.xml:17:1-80:12
INJECTED from src/main/AndroidManifest.xml:17:1-80:12
MERGED from [:library-dash] AndroidManifest.xml:17:1-25:12
MERGED from [:library-hls] AndroidManifest.xml:17:1-25:12
MERGED from [:library-smoothstreaming] AndroidManifest.xml:17:1-25:12
MERGED from [:library-ui] AndroidManifest.xml:17:1-25:12
MERGED from [:library-core] AndroidManifest.xml:17:1-25:12
MERGED from [com.android.support:support-core-utils:26.0.0] AndroidManifest.xml:17:1-31:12
MERGED from [com.android.support:support-compat:26.0.0] AndroidManifest.xml:17:1-31:12
INJECTED from src/main/AndroidManifest.xml:17:1-80:12
INJECTED from src/main/AndroidManifest.xml:17:1-80:12
	package
		ADDED from src/main/AndroidManifest.xml:18:5-49
	android:versionName
		ADDED from src/main/AndroidManifest.xml:20:5-32
		INJECTED from src/main/AndroidManifest.xml
		INJECTED from src/main/AndroidManifest.xml
	xmlns:android
		ADDED from src/main/AndroidManifest.xml:17:11-69
	android:versionCode
		ADDED from src/main/AndroidManifest.xml:19:5-31
		INJECTED from src/main/AndroidManifest.xml
		INJECTED from src/main/AndroidManifest.xml
uses-permission#android.permission.INTERNET
ADDED from src/main/AndroidManifest.xml:22:3-64
	android:name
		ADDED from src/main/AndroidManifest.xml:22:20-62
uses-permission#android.permission.READ_EXTERNAL_STORAGE
ADDED from src/main/AndroidManifest.xml:23:3-77
	android:name
		ADDED from src/main/AndroidManifest.xml:23:20-75
uses-feature#android.software.leanback
ADDED from src/main/AndroidManifest.xml:24:3-84
	android:required
		ADDED from src/main/AndroidManifest.xml:24:58-82
	android:name
		ADDED from src/main/AndroidManifest.xml:24:17-57
uses-feature#android.hardware.touchscreen
ADDED from src/main/AndroidManifest.xml:25:3-87
	android:required
		ADDED from src/main/AndroidManifest.xml:25:61-85
	android:name
		ADDED from src/main/AndroidManifest.xml:25:17-60
uses-sdk
ADDED from src/main/AndroidManifest.xml:26:3-71
INJECTED from src/main/AndroidManifest.xml:26:3-71
INJECTED from src/main/AndroidManifest.xml:26:3-71
MERGED from [:library-dash] AndroidManifest.xml:21:5-23:41
MERGED from [:library-dash] AndroidManifest.xml:21:5-23:41
MERGED from [:library-hls] AndroidManifest.xml:21:5-23:41
MERGED from [:library-hls] AndroidManifest.xml:21:5-23:41
MERGED from [:library-smoothstreaming] AndroidManifest.xml:21:5-23:41
MERGED from [:library-smoothstreaming] AndroidManifest.xml:21:5-23:41
MERGED from [:library-ui] AndroidManifest.xml:21:5-23:41
MERGED from [:library-ui] AndroidManifest.xml:21:5-23:41
MERGED from [:library-core] AndroidManifest.xml:21:5-23:41
MERGED from [:library-core] AndroidManifest.xml:21:5-23:41
MERGED from [com.android.support:support-core-utils:26.0.0] AndroidManifest.xml:21:5-23:61
MERGED from [com.android.support:support-core-utils:26.0.0] AndroidManifest.xml:21:5-23:61
MERGED from [com.android.support:support-compat:26.0.0] AndroidManifest.xml:21:5-23:58
MERGED from [com.android.support:support-compat:26.0.0] AndroidManifest.xml:21:5-23:58
INJECTED from src/main/AndroidManifest.xml:26:3-71
INJECTED from src/main/AndroidManifest.xml:26:3-71
	tools:overrideLibrary
		ADDED from [com.android.support:support-core-utils:26.0.0] AndroidManifest.xml:23:9-58
	android:targetSdkVersion
		ADDED from src/main/AndroidManifest.xml:26:40-69
		INJECTED from src/main/AndroidManifest.xml
		INJECTED from src/main/AndroidManifest.xml
	android:minSdkVersion
		ADDED from src/main/AndroidManifest.xml:26:13-39
		INJECTED from src/main/AndroidManifest.xml
		INJECTED from src/main/AndroidManifest.xml
application
ADDED from src/main/AndroidManifest.xml:28:3-78:17
MERGED from [com.android.support:support-core-utils:26.0.0] AndroidManifest.xml:25:5-29:19
MERGED from [com.android.support:support-core-utils:26.0.0] AndroidManifest.xml:25:5-29:19
MERGED from [com.android.support:support-compat:26.0.0] AndroidManifest.xml:25:5-29:19
MERGED from [com.android.support:support-compat:26.0.0] AndroidManifest.xml:25:5-29:19
	android:label
		ADDED from src/main/AndroidManifest.xml:29:7-47
	android:largeHeap
		ADDED from src/main/AndroidManifest.xml:32:7-31
	android:icon
		ADDED from src/main/AndroidManifest.xml:30:7-41
	android:allowBackup
		ADDED from src/main/AndroidManifest.xml:33:7-34
	android:banner
		ADDED from src/main/AndroidManifest.xml:31:7-43
	android:name
		ADDED from src/main/AndroidManifest.xml:34:7-72
activity#com.google.android.exoplayer2.demo.SampleChooserActivity
ADDED from src/main/AndroidManifest.xml:36:5-56:16
	android:label
		ADDED from src/main/AndroidManifest.xml:38:9-49
	android:configChanges
		ADDED from src/main/AndroidManifest.xml:37:9-47
	android:name
		ADDED from src/main/AndroidManifest.xml:36:15-86
intent-filter#android.intent.action.MAIN+android.intent.category.LAUNCHER+android.intent.category.LEANBACK_LAUNCHER
ADDED from src/main/AndroidManifest.xml:39:7-43:23
action#android.intent.action.MAIN
ADDED from src/main/AndroidManifest.xml:40:9-60
	android:name
		ADDED from src/main/AndroidManifest.xml:40:17-58
category#android.intent.category.LAUNCHER
ADDED from src/main/AndroidManifest.xml:41:9-68
	android:name
		ADDED from src/main/AndroidManifest.xml:41:19-66
category#android.intent.category.LEANBACK_LAUNCHER
ADDED from src/main/AndroidManifest.xml:42:9-77
	android:name
		ADDED from src/main/AndroidManifest.xml:42:19-75
intent-filter#android.intent.action.VIEW+android.intent.category.BROWSABLE+android.intent.category.DEFAULT
ADDED from src/main/AndroidManifest.xml:44:7-55:23
action#android.intent.action.VIEW
ADDED from src/main/AndroidManifest.xml:45:9-60
	android:name
		ADDED from src/main/AndroidManifest.xml:45:17-58
category#android.intent.category.DEFAULT
ADDED from src/main/AndroidManifest.xml:46:9-67
	android:name
		ADDED from src/main/AndroidManifest.xml:46:19-65
category#android.intent.category.BROWSABLE
ADDED from src/main/AndroidManifest.xml:47:9-69
	android:name
		ADDED from src/main/AndroidManifest.xml:47:19-67
data
ADDED from src/main/AndroidManifest.xml:48:9-38
	android:host
		ADDED from src/main/AndroidManifest.xml:53:15-31
	android:scheme
		ADDED from src/main/AndroidManifest.xml:48:15-36
	android:pathPattern
		ADDED from src/main/AndroidManifest.xml:54:15-56
activity#com.google.android.exoplayer2.demo.PlayerActivity
ADDED from src/main/AndroidManifest.xml:58:5-76:16
	android:label
		ADDED from src/main/AndroidManifest.xml:61:9-49
	android:launchMode
		ADDED from src/main/AndroidManifest.xml:60:9-39
	android:configChanges
		ADDED from src/main/AndroidManifest.xml:59:9-118
	android:theme
		ADDED from src/main/AndroidManifest.xml:62:9-43
	android:name
		ADDED from src/main/AndroidManifest.xml:58:15-79
intent-filter#android.intent.category.DEFAULT+com.google.android.exoplayer.demo.action.VIEW
ADDED from src/main/AndroidManifest.xml:63:7-71:23
action#com.google.android.exoplayer.demo.action.VIEW
ADDED from src/main/AndroidManifest.xml:64:9-79
	android:name
		ADDED from src/main/AndroidManifest.xml:64:17-77
intent-filter#android.intent.category.DEFAULT+com.google.android.exoplayer.demo.action.VIEW_LIST
ADDED from src/main/AndroidManifest.xml:72:7-75:23
action#com.google.android.exoplayer.demo.action.VIEW_LIST
ADDED from src/main/AndroidManifest.xml:73:9-84
	android:name
		ADDED from src/main/AndroidManifest.xml:73:17-82
meta-data#android.support.VERSION
ADDED from [com.android.support:support-core-utils:26.0.0] AndroidManifest.xml:26:9-28:38
MERGED from [com.android.support:support-compat:26.0.0] AndroidManifest.xml:26:9-28:38
MERGED from [com.android.support:support-compat:26.0.0] AndroidManifest.xml:26:9-28:38
	android:value
		ADDED from [com.android.support:support-core-utils:26.0.0] AndroidManifest.xml:28:13-35
	android:name
		ADDED from [com.android.support:support-core-utils:26.0.0] AndroidManifest.xml:27:13-51